[15:28:49] [main/INFO] (FabricLoader) Loading for game Minecraft 1.5.2
[15:28:49] [main/DEBUG] (FabricLoader) Requesting deobfuscation of dev.jar
[15:28:49] [main/DEBUG] (FabricLoader) [Knot] Proposed file:/D:/BTWMobBackport/build/dev_run/dev.jar to classpath.
[15:28:49] [main/DEBUG] (FabricLoader|EntrypointTransformer) Found game constructor: net.minecraft.client.main.Main -> net.minecraft.client.Minecraft
[15:28:49] [main/DEBUG] (FabricLoader|EntrypointTransformer) Patching game constructor startGame()V
[15:28:49] [main/DEBUG] (FabricLoader|EntrypointTransformer) Run directory field is thought to be net/minecraft/client/Minecraft/mcDataDir
[15:28:49] [main/DEBUG] (FabricLoader|EntrypointTransformer) Applying brand name hook to net/minecraft/client/ClientBrandRetriever::getClientModName
[15:28:49] [main/DEBUG] (FabricLoader|EntrypointTransformer) Applying brand name hook to net/minecraft/server/MinecraftServer::getServerModName
[15:28:49] [main/DEBUG] (FabricLoader|EntrypointTransformer) [EntrypointTransformer] Patched 3 classes.
[15:28:49] [main/DEBUG] (Fabric|Loader) [ClasspathModCandidateFinder] Adding dev classpath directories to classpath.
[15:28:49] [main/DEBUG] (FabricLoader) [Knot] Proposed file:/D:/BTWMobBackport/build/classes/java/main/ to classpath.
[15:28:49] [main/DEBUG] (Fabric|Loader) [ClasspathModCandidateFinder] Processing /D:/BTWMobBackport/.gradle/loom-cache/remapped_mods/null_unspecified_1_5_2_1_0/io/github/minecraft-cursed-legacy/cursed-fabric-loader/1.0.0/cursed-fabric-loader-1.0.0.jar
[15:28:49] [main/DEBUG] (Fabric|Loader) [ClasspathModCandidateFinder] Processing /D:/BTWMobBackport/build/resources/main/
[15:28:49] [ForkJoinPool-1-worker-1/DEBUG] (Fabric|Loader) Testing file:/D:/BTWMobBackport/.gradle/loom-cache/remapped_mods/null_unspecified_1_5_2_1_0/io/github/minecraft-cursed-legacy/cursed-fabric-loader/1.0.0/cursed-fabric-loader-1.0.0.jar
[15:28:49] [ForkJoinPool-1-worker-2/DEBUG] (Fabric|Loader) Testing file:/D:/BTWMobBackport/build/resources/main/
[15:28:49] [ForkJoinPool-1-worker-2/DEBUG] (Fabric|Loader) Adding file:/D:/BTWMobBackport/build/resources/main/ as ModCandidate{mobadditions@0.1.0}
[15:28:49] [ForkJoinPool-1-worker-1/DEBUG] (Fabric|Loader) Adding file:/D:/BTWMobBackport/.gradle/loom-cache/remapped_mods/null_unspecified_1_5_2_1_0/io/github/minecraft-cursed-legacy/cursed-fabric-loader/1.0.0/cursed-fabric-loader-1.0.0.jar as ModCandidate{fabricloader@1.0.0}
[15:28:49] [ForkJoinPool-1-worker-1/DEBUG] (Fabric|Loader) Searching for nested JARs in ModCandidate{fabricloader@1.0.0}
[15:28:49] [ForkJoinPool-1-worker-2/DEBUG] (Fabric|Loader) Searching for nested JARs in ModCandidate{mobadditions@0.1.0}
[15:28:49] [ForkJoinPool-1-worker-1/DEBUG] (Fabric|Loader) file:/D:/BTWMobBackport/.gradle/loom-cache/remapped_mods/null_unspecified_1_5_2_1_0/io/github/minecraft-cursed-legacy/cursed-fabric-loader/1.0.0/cursed-fabric-loader-1.0.0.jar
[15:28:49] [ForkJoinPool-1-worker-2/DEBUG] (Fabric|Loader) file:/D:/BTWMobBackport/build/resources/main/
[15:28:49] [main/DEBUG] (Fabric|Loader) Mod resolution detection time: 13ms
[15:28:49] [main/DEBUG] (Fabric|Loader) Mod resolution time: 2ms
[15:28:49] [main/INFO] (Fabric|Loader) [FabricLoaderImpl] Loading 4 mods: minecraft@1.5.2, java@17, fabricloader@1.0.0, mobadditions@0.1.0
[15:28:49] [main/DEBUG] (FabricLoader) [Knot] Proposed file:/D:/BTWMobBackport/build/resources/main/ to classpath.
[15:28:49] [main/DEBUG] (Fabric|Loader) Registering new-style initializer net.fabricmc.mobadditions.MobAdditions for mod mobadditions (key init)
[15:28:49] [main/DEBUG] (Fabric|Loader) Registering new-style initializer net.fabricmc.mobadditions.PreLaunchInitializer for mod mobadditions (key preLaunch)
[15:28:49] [main/DEBUG] (mixin) Mixin bootstrap service org.spongepowered.asm.service.mojang.MixinServiceLaunchWrapperBootstrap is not available: LaunchWrapper is not available
[15:28:49] [main/DEBUG] (mixin) Mixin bootstrap service org.spongepowered.asm.service.modlauncher.MixinServiceModLauncherBootstrap is not available: ModLauncher is not available
[15:28:49] [main/DEBUG] (mixin) MixinService [LaunchWrapper] is not valid
[15:28:49] [main/DEBUG] (mixin) MixinService [ModLauncher] is not valid
[15:28:49] [main/DEBUG] (mixin) MixinService [Knot/Fabric] was successfully booted in jdk.internal.loader.ClassLoaders$AppClassLoader@c387f44
[15:28:49] [main/INFO] (mixin) SpongePowered MIXIN Subsystem Version=0.8.2 Source=file:/C:/Users/ITLEs/.gradle/caches/modules-2/files-2.1/net.fabricmc/sponge-mixin/0.9.2+mixin.0.8.2/12c437eebf031967eaa7daad861e115932772cc7/sponge-mixin-0.9.2+mixin.0.8.2.jar Service=Knot/Fabric Env=CLIENT
[15:28:49] [main/DEBUG] (mixin) Initialising Mixin Platform Manager
[15:28:49] [main/DEBUG] (mixin) Adding mixin platform agents for container ContainerHandleURI(file:/D:/BTWMobBackport/.gradle/loom-cache/remapped_mods/null_unspecified_1_5_2_1_0/io/github/minecraft-cursed-legacy/cursed-fabric-loader/1.0.0/cursed-fabric-loader-1.0.0.jar)
[15:28:49] [main/DEBUG] (mixin) Instancing new MixinPlatformAgentDefault for ContainerHandleURI(file:/D:/BTWMobBackport/.gradle/loom-cache/remapped_mods/null_unspecified_1_5_2_1_0/io/github/minecraft-cursed-legacy/cursed-fabric-loader/1.0.0/cursed-fabric-loader-1.0.0.jar)
[15:28:49] [main/DEBUG] (mixin) MixinPlatformAgentDefault accepted container ContainerHandleURI(file:/D:/BTWMobBackport/.gradle/loom-cache/remapped_mods/null_unspecified_1_5_2_1_0/io/github/minecraft-cursed-legacy/cursed-fabric-loader/1.0.0/cursed-fabric-loader-1.0.0.jar)
[15:28:49] [main/DEBUG] (mixin) Instancing new MixinPlatformAgentDefault for ContainerHandleURI(file:/D:/BTWMobBackport/.gradle/loom-cache/remapped_mods/null_unspecified_1_5_2_1_0/io/github/minecraft-cursed-legacy/cursed-fabric-loader/1.0.0/cursed-fabric-loader-1.0.0.jar)
[15:28:49] [main/DEBUG] (mixin) MixinPlatformAgentDefault accepted container ContainerHandleURI(file:/D:/BTWMobBackport/.gradle/loom-cache/remapped_mods/null_unspecified_1_5_2_1_0/io/github/minecraft-cursed-legacy/cursed-fabric-loader/1.0.0/cursed-fabric-loader-1.0.0.jar)
[15:28:49] [main/DEBUG] (mixin) Processing prepare() for PlatformAgent[MixinPlatformAgentDefault:ContainerHandleURI(file:/D:/BTWMobBackport/.gradle/loom-cache/remapped_mods/null_unspecified_1_5_2_1_0/io/github/minecraft-cursed-legacy/cursed-fabric-loader/1.0.0/cursed-fabric-loader-1.0.0.jar)]
[15:28:49] [main/DEBUG] (mixin) Processing prepare() for PlatformAgent[MixinPlatformAgentDefault:ContainerHandleURI(file:/D:/BTWMobBackport/.gradle/loom-cache/remapped_mods/null_unspecified_1_5_2_1_0/io/github/minecraft-cursed-legacy/cursed-fabric-loader/1.0.0/cursed-fabric-loader-1.0.0.jar)]
[15:28:49] [main/DEBUG] (FabricLoader) Loading mappings took 45 ms
[15:28:49] [main/INFO] (Fabric|MixinBootstrap) Loaded Fabric development mappings for mixin remapper!
[15:28:49] [main/DEBUG] (mixin) Error cleaning class output directory: .mixin.out\class: failed to delete one or more files; see suppressed exceptions for details
[15:28:49] [main/DEBUG] (Fabric|Loader) Iterating over entrypoint 'preLaunch'
[15:28:49] [main/DEBUG] (mixin) Preparing mixins for MixinEnvironment[DEFAULT]
[15:28:49] [main/DEBUG] (mixin) Selecting config mobadditions.mixins.json
[15:28:49] [main/DEBUG] (mixin) Preparing mobadditions.mixins.json (1)
[15:28:49] [main/DEBUG] (mixin) Registering new injector for @Inject with org.spongepowered.asm.mixin.injection.struct.CallbackInjectionInfo
[15:28:49] [main/DEBUG] (mixin) Registering new injector for @ModifyArg with org.spongepowered.asm.mixin.injection.struct.ModifyArgInjectionInfo
[15:28:49] [main/DEBUG] (mixin) Registering new injector for @ModifyArgs with org.spongepowered.asm.mixin.injection.struct.ModifyArgsInjectionInfo
[15:28:49] [main/DEBUG] (mixin) Registering new injector for @Redirect with org.spongepowered.asm.mixin.injection.struct.RedirectInjectionInfo
[15:28:49] [main/DEBUG] (mixin) Registering new injector for @ModifyVariable with org.spongepowered.asm.mixin.injection.struct.ModifyVariableInjectionInfo
[15:28:49] [main/DEBUG] (mixin) Registering new injector for @ModifyConstant with org.spongepowered.asm.mixin.injection.struct.ModifyConstantInjectionInfo
[15:28:49] [main/DEBUG] (mixin) Mixing MobAdditionsMixin from mobadditions.mixins.json into btw.BTWAddon
