2024-03-14 00:04:59 [CLIENT] [INFO] Setting user: Player545
2024-03-14 00:04:59 [CLIENT] [INFO] LWJGL Version: 2.9.0
2024-03-14 00:05:50 [CLIENT] [INFO] Stopping!
2024-03-14 22:34:06 [CLIENT] [INFO] Setting user: Player270
2024-03-14 22:34:06 [CLIENT] [INFO] LWJGL Version: 2.9.0
2024-03-14 22:34:22 [CLIENT] [INFO] [CHAT] §fBetter Than Wolves CE V2.1.4
2024-03-14 22:34:22 [CLIENT] [INFO] [CHAT] §fExample Name V0.1.0
2024-03-14 22:34:41 [CLIENT] [INFO] Stopping!
2024-03-14 22:51:32 [CLIENT] [INFO] Setting user: Player13
2024-03-14 22:51:32 [CLIENT] [INFO] LWJGL Version: 2.9.0
2024-03-14 22:51:42 [CLIENT] [INFO] [CHAT] §fBetter Than Wolves CE V2.1.4
2024-03-14 22:51:42 [CLIENT] [INFO] [CHAT] §fMob Additions V0.1.0
2024-03-14 22:51:54 [CLIENT] [INFO] [CHAT] §cUnknown command. Try /help for a list of commands.
2024-03-14 22:51:57 [CLIENT] [INFO] [CHAT] §2--- Showing help page 1 of 4 (/help <page>) ---
2024-03-14 22:51:57 [CLIENT] [INFO] [CHAT] §aTip: Use the <tab> key while typing a command to auto-complete the command or its arguments
2024-03-14 22:51:57 [CLIENT] [INFO] [CHAT] /clear <player> [item] [data]
2024-03-14 22:51:57 [CLIENT] [INFO] [CHAT] /debug
2024-03-14 22:51:57 [CLIENT] [INFO] [CHAT] /defaultgamemode <mode>
2024-03-14 22:51:57 [CLIENT] [INFO] [CHAT] /difficulty [new difficulty]
2024-03-14 22:51:57 [CLIENT] [INFO] [CHAT] /effect <player> <effect> [seconds] [amplifier]
2024-03-14 22:51:57 [CLIENT] [INFO] [CHAT] /enchant <player> <enchantment ID> [level]
2024-03-14 22:51:57 [CLIENT] [INFO] [CHAT] /gamemode <mode> [player]
2024-03-14 22:52:52 [CLIENT] [INFO] Stopping!
2024-03-15 13:06:59 [CLIENT] [INFO] Setting user: Player90
2024-03-15 13:06:59 [CLIENT] [INFO] LWJGL Version: 2.9.0
2024-03-15 13:12:42 [CLIENT] [INFO] Stopping!
